Token multilinecomment (  55,  \n   A palindromic number is unchanged if its digits are reversed.\n   121 or 1221 is a palindrome.\n)
Token       void (  35,            0 )
Token     %ident (   4,         main )
Token          ( (   7,            0 )
Token          ) (   8,            0 )
Token          { (  37,            0 )
Token        int (  33,            0 )
Token     %ident (   4,          org )
Token          , (  14,            0 )
Token     %ident (   4,          rev )
Token          ; (  20,            0 )
Token        int (  33,            0 )
Token     %ident (   4,            i )
Token          , (  14,            0 )
Token     %ident (   4,            j )
Token          ; (  20,            0 )
Token     %ident (   4,         read )
Token          ( (   7,            0 )
Token     %ident (   4,          org )
Token          ) (   8,            0 )
Token          ; (  20,            0 )
Token         if (  32,            0 )
Token          ( (   7,            0 )
Token     %ident (   4,          org )
Token          < (  21,            0 )
Token    %number (   5,            0 )
Token     %ident (   4,          org )
Token          = (  23,            0 )
Token          ( (   7,            0 )
Token          - (  15,            0 )
Token    %number (   5,            1 )
Token          * (   9,            0 )
Token     %ident (   4,          org )
Token          ; (  20,            0 )
Token     %ident (   4,            i )
Token          = (  23,            0 )
Token     %ident (   4,          org )
Token          ; (  20,            0 )
Token     %ident (   4,          rev )
Token          = (  23,            0 )
Token    %number (   5,            0 )
Token      while (  36,            0 )
Token          ( (   7,            0 )
Token     %ident (   4,            i )
Token         != (   1,            0 )
Token    %number (   5,            0 )
Token          { (  37,            0 )
Token     %ident (   4,            j )
Token          = (  23,            0 )
Token     %ident (   4,            i )
Token          % (   2,            0 )
Token    %number (   5,           10 )
Token     %ident (   4,          rev )
Token          = (  23,            0 )
Token     %ident (   4,          rev )
Token          * (   9,            0 )
Token    %number (   5,           10 )
Token          + (  11,            0 )
Token     %ident (   4,            j )
Token          ; (  20,            0 )
Token     %ident (   4,            i )
Token         /= (  19,            0 )
Token    %number (   5,           10 )
Token          } (  39,            0 )
Token         if (  32,            0 )
Token          ( (   7,            0 )
Token     %ident (   4,          rev )
Token         == (  24,            0 )
Token     %ident (   4,          org )
Token          ) (   8,            0 )
Token     %ident (   4,        write )
Token          ( (   7,            0 )
Token     %ident (   4,          org )
Token          ) (   8,            0 )
Token          ; (  20,            0 )
Token          } (  39,            0 )
Token        eof (  29,            0 )
